{"name":"hexo","hostname":"MacBook.local","pid":938,"level":20,"msg":"Hexo version: \u001b[35m3.0.1\u001b[39m","time":"2015-04-21T16:26:27.691Z","v":0}
{"name":"hexo","hostname":"MacBook.local","pid":938,"level":20,"msg":"Working directory: \u001b[35m~/git/yikun.github.com/\u001b[39m","time":"2015-04-21T16:26:27.697Z","v":0}
{"name":"hexo","hostname":"MacBook.local","pid":938,"level":20,"msg":"Config loaded: \u001b[35m~/git/yikun.github.com/_config.yml\u001b[39m","time":"2015-04-21T16:26:27.866Z","v":0}
{"name":"hexo","hostname":"MacBook.local","pid":938,"level":20,"msg":"Plugin loaded: \u001b[35mhexo-deployer-git\u001b[39m","time":"2015-04-21T16:26:28.214Z","v":0}
{"name":"hexo","hostname":"MacBook.local","pid":938,"level":20,"msg":"Plugin loaded: \u001b[35mhexo-generator-category\u001b[39m","time":"2015-04-21T16:26:28.214Z","v":0}
{"name":"hexo","hostname":"MacBook.local","pid":938,"level":20,"msg":"Plugin loaded: \u001b[35mhexo-generator-archive\u001b[39m","time":"2015-04-21T16:26:28.214Z","v":0}
{"name":"hexo","hostname":"MacBook.local","pid":938,"level":20,"msg":"Plugin loaded: \u001b[35mhexo-generator-feed\u001b[39m","time":"2015-04-21T16:26:28.214Z","v":0}
{"name":"hexo","hostname":"MacBook.local","pid":938,"level":20,"msg":"Plugin loaded: \u001b[35mhexo-generator-index\u001b[39m","time":"2015-04-21T16:26:28.214Z","v":0}
{"name":"hexo","hostname":"MacBook.local","pid":938,"level":20,"msg":"Plugin loaded: \u001b[35mhexo-generator-sitemap\u001b[39m","time":"2015-04-21T16:26:28.215Z","v":0}
{"name":"hexo","hostname":"MacBook.local","pid":938,"level":20,"msg":"Plugin loaded: \u001b[35mhexo-generator-tag\u001b[39m","time":"2015-04-21T16:26:28.215Z","v":0}
{"name":"hexo","hostname":"MacBook.local","pid":938,"level":20,"msg":"Plugin loaded: \u001b[35mhexo-pagination\u001b[39m","time":"2015-04-21T16:26:28.215Z","v":0}
{"name":"hexo","hostname":"MacBook.local","pid":938,"level":20,"msg":"Plugin loaded: \u001b[35mhexo-renderer-ejs\u001b[39m","time":"2015-04-21T16:26:28.215Z","v":0}
{"name":"hexo","hostname":"MacBook.local","pid":938,"level":20,"msg":"Plugin loaded: \u001b[35mhexo-renderer-stylus\u001b[39m","time":"2015-04-21T16:26:28.215Z","v":0}
{"name":"hexo","hostname":"MacBook.local","pid":938,"level":20,"msg":"Plugin loaded: \u001b[35mhexo-renderer-marked\u001b[39m","time":"2015-04-21T16:26:28.215Z","v":0}
{"name":"hexo","hostname":"MacBook.local","pid":938,"level":20,"msg":"Plugin loaded: \u001b[35mhexo-server\u001b[39m","time":"2015-04-21T16:26:28.437Z","v":0}
{"name":"hexo","hostname":"MacBook.local","pid":938,"level":20,"msg":"Plugin loaded: \u001b[35mhexo-migrator-github-issue\u001b[39m","time":"2015-04-21T16:26:28.438Z","v":0}
{"name":"hexo","hostname":"MacBook.local","pid":938,"level":20,"msg":"Plugin loaded: \u001b[35mhexo-generator-douban\u001b[39m","time":"2015-04-21T16:26:28.438Z","v":0}
{"name":"hexo","hostname":"MacBook.local","pid":938,"level":20,"msg":"Database saved","time":"2015-04-21T16:26:28.443Z","v":0}
{"name":"hexo","hostname":"MacBook.local","pid":942,"level":20,"msg":"Hexo version: \u001b[35m3.0.1\u001b[39m","time":"2015-04-21T16:26:45.325Z","v":0}
{"name":"hexo","hostname":"MacBook.local","pid":942,"level":20,"msg":"Working directory: \u001b[35m~/git/yikun.github.com/\u001b[39m","time":"2015-04-21T16:26:45.330Z","v":0}
{"name":"hexo","hostname":"MacBook.local","pid":942,"level":20,"msg":"Config loaded: \u001b[35m~/git/yikun.github.com/_config.yml\u001b[39m","time":"2015-04-21T16:26:45.479Z","v":0}
{"name":"hexo","hostname":"MacBook.local","pid":942,"level":20,"msg":"Plugin loaded: \u001b[35mhexo-deployer-git\u001b[39m","time":"2015-04-21T16:26:45.697Z","v":0}
{"name":"hexo","hostname":"MacBook.local","pid":942,"level":20,"msg":"Plugin loaded: \u001b[35mhexo-generator-archive\u001b[39m","time":"2015-04-21T16:26:45.697Z","v":0}
{"name":"hexo","hostname":"MacBook.local","pid":942,"level":20,"msg":"Plugin loaded: \u001b[35mhexo-generator-category\u001b[39m","time":"2015-04-21T16:26:45.697Z","v":0}
{"name":"hexo","hostname":"MacBook.local","pid":942,"level":20,"msg":"Plugin loaded: \u001b[35mhexo-generator-feed\u001b[39m","time":"2015-04-21T16:26:45.697Z","v":0}
{"name":"hexo","hostname":"MacBook.local","pid":942,"level":20,"msg":"Plugin loaded: \u001b[35mhexo-generator-index\u001b[39m","time":"2015-04-21T16:26:45.698Z","v":0}
{"name":"hexo","hostname":"MacBook.local","pid":942,"level":20,"msg":"Plugin loaded: \u001b[35mhexo-generator-sitemap\u001b[39m","time":"2015-04-21T16:26:45.698Z","v":0}
{"name":"hexo","hostname":"MacBook.local","pid":942,"level":20,"msg":"Plugin loaded: \u001b[35mhexo-generator-tag\u001b[39m","time":"2015-04-21T16:26:45.698Z","v":0}
{"name":"hexo","hostname":"MacBook.local","pid":942,"level":20,"msg":"Plugin loaded: \u001b[35mhexo-pagination\u001b[39m","time":"2015-04-21T16:26:45.698Z","v":0}
{"name":"hexo","hostname":"MacBook.local","pid":942,"level":20,"msg":"Plugin loaded: \u001b[35mhexo-renderer-ejs\u001b[39m","time":"2015-04-21T16:26:45.698Z","v":0}
{"name":"hexo","hostname":"MacBook.local","pid":942,"level":20,"msg":"Plugin loaded: \u001b[35mhexo-renderer-marked\u001b[39m","time":"2015-04-21T16:26:45.698Z","v":0}
{"name":"hexo","hostname":"MacBook.local","pid":942,"level":20,"msg":"Plugin loaded: \u001b[35mhexo-renderer-stylus\u001b[39m","time":"2015-04-21T16:26:46.035Z","v":0}
{"name":"hexo","hostname":"MacBook.local","pid":942,"level":20,"msg":"Plugin loaded: \u001b[35mhexo-server\u001b[39m","time":"2015-04-21T16:26:46.035Z","v":0}
{"name":"hexo","hostname":"MacBook.local","pid":942,"level":20,"msg":"Plugin loaded: \u001b[35mhexo-generator-douban\u001b[39m","time":"2015-04-21T16:26:46.035Z","v":0}
{"name":"hexo","hostname":"MacBook.local","pid":942,"level":20,"msg":"Plugin loaded: \u001b[35mhexo-migrator-github-issue\u001b[39m","time":"2015-04-21T16:26:46.035Z","v":0}
{"name":"hexo","hostname":"MacBook.local","pid":942,"level":30,"msg":"Migrate from Yikun/yikun.github.com...","time":"2015-04-21T16:26:46.036Z","v":0}
{"name":"hexo","hostname":"MacBook.local","pid":942,"level":30,"msg":"create post: C语言中移位操作符优先级的坑","time":"2015-04-21T16:26:49.075Z","v":0}
{"name":"hexo","hostname":"MacBook.local","pid":942,"level":30,"msg":"create post: Java ArrayDeque工作原理及实现","time":"2015-04-21T16:26:49.076Z","v":0}
{"name":"hexo","hostname":"MacBook.local","pid":942,"level":30,"msg":"create post: Java TreeSet工作原理及实现","time":"2015-04-21T16:26:49.076Z","v":0}
{"name":"hexo","hostname":"MacBook.local","pid":942,"level":30,"msg":"create post: Java LinkedHashSet工作原理及实现","time":"2015-04-21T16:26:49.076Z","v":0}
{"name":"hexo","hostname":"MacBook.local","pid":942,"level":30,"msg":"create post: Java HashSet工作原理及实现","time":"2015-04-21T16:26:49.077Z","v":0}
{"name":"hexo","hostname":"MacBook.local","pid":942,"level":30,"msg":"create post: Java PriorityQueue工作原理及实现","time":"2015-04-21T16:26:49.077Z","v":0}
{"name":"hexo","hostname":"MacBook.local","pid":942,"level":30,"msg":"create post: Java TreeMap工作原理及实现","time":"2015-04-21T16:26:49.077Z","v":0}
{"name":"hexo","hostname":"MacBook.local","pid":942,"level":30,"msg":"create post: Java LinkedList工作原理及实现","time":"2015-04-21T16:26:49.078Z","v":0}
{"name":"hexo","hostname":"MacBook.local","pid":942,"level":30,"msg":"create post: Java ArrayList工作原理及实现","time":"2015-04-21T16:26:49.078Z","v":0}
{"name":"hexo","hostname":"MacBook.local","pid":942,"level":30,"msg":"create post: 如何设计实现一个LRU Cache？","time":"2015-04-21T16:26:49.079Z","v":0}
{"name":"hexo","hostname":"MacBook.local","pid":942,"level":30,"msg":"create post: Java LinkedHashMap工作原理及实现","time":"2015-04-21T16:26:49.079Z","v":0}
{"name":"hexo","hostname":"MacBook.local","pid":942,"level":30,"msg":"create post: Java HashMap工作原理及实现","time":"2015-04-21T16:26:49.080Z","v":0}
{"name":"hexo","hostname":"MacBook.local","pid":942,"level":30,"msg":"create post: Java集合框架","time":"2015-04-21T16:26:49.081Z","v":0}
{"name":"hexo","hostname":"MacBook.local","pid":942,"level":30,"msg":"create post: 定时器管理实现与初探","time":"2015-04-21T16:26:49.082Z","v":0}
{"name":"hexo","hostname":"MacBook.local","pid":942,"level":30,"msg":"create post: 自增运算符的反汇编","time":"2015-04-21T16:26:49.082Z","v":0}
{"name":"hexo","hostname":"MacBook.local","pid":942,"level":30,"msg":"create post: 搭建Git服务器","time":"2015-04-21T16:26:49.083Z","v":0}
{"name":"hexo","hostname":"MacBook.local","pid":942,"level":20,"msg":"Database saved","time":"2015-04-21T16:26:51.201Z","v":0}
{"name":"hexo","hostname":"MacBook.local","pid":945,"level":20,"msg":"Hexo version: \u001b[35m3.0.1\u001b[39m","time":"2015-04-21T16:27:01.088Z","v":0}
{"name":"hexo","hostname":"MacBook.local","pid":945,"level":20,"msg":"Working directory: \u001b[35m~/git/yikun.github.com/\u001b[39m","time":"2015-04-21T16:27:01.093Z","v":0}
{"name":"hexo","hostname":"MacBook.local","pid":945,"level":20,"msg":"Config loaded: \u001b[35m~/git/yikun.github.com/_config.yml\u001b[39m","time":"2015-04-21T16:27:01.243Z","v":0}
{"name":"hexo","hostname":"MacBook.local","pid":945,"level":20,"msg":"Plugin loaded: \u001b[35mhexo-deployer-git\u001b[39m","time":"2015-04-21T16:27:01.673Z","v":0}
{"name":"hexo","hostname":"MacBook.local","pid":945,"level":20,"msg":"Plugin loaded: \u001b[35mhexo-generator-category\u001b[39m","time":"2015-04-21T16:27:01.673Z","v":0}
{"name":"hexo","hostname":"MacBook.local","pid":945,"level":20,"msg":"Plugin loaded: \u001b[35mhexo-generator-archive\u001b[39m","time":"2015-04-21T16:27:01.674Z","v":0}
{"name":"hexo","hostname":"MacBook.local","pid":945,"level":20,"msg":"Plugin loaded: \u001b[35mhexo-generator-feed\u001b[39m","time":"2015-04-21T16:27:01.674Z","v":0}
{"name":"hexo","hostname":"MacBook.local","pid":945,"level":20,"msg":"Plugin loaded: \u001b[35mhexo-generator-index\u001b[39m","time":"2015-04-21T16:27:01.674Z","v":0}
{"name":"hexo","hostname":"MacBook.local","pid":945,"level":20,"msg":"Plugin loaded: \u001b[35mhexo-generator-sitemap\u001b[39m","time":"2015-04-21T16:27:01.674Z","v":0}
{"name":"hexo","hostname":"MacBook.local","pid":945,"level":20,"msg":"Plugin loaded: \u001b[35mhexo-generator-tag\u001b[39m","time":"2015-04-21T16:27:01.674Z","v":0}
{"name":"hexo","hostname":"MacBook.local","pid":945,"level":20,"msg":"Plugin loaded: \u001b[35mhexo-pagination\u001b[39m","time":"2015-04-21T16:27:01.674Z","v":0}
{"name":"hexo","hostname":"MacBook.local","pid":945,"level":20,"msg":"Plugin loaded: \u001b[35mhexo-renderer-marked\u001b[39m","time":"2015-04-21T16:27:01.674Z","v":0}
{"name":"hexo","hostname":"MacBook.local","pid":945,"level":20,"msg":"Plugin loaded: \u001b[35mhexo-renderer-ejs\u001b[39m","time":"2015-04-21T16:27:01.675Z","v":0}
{"name":"hexo","hostname":"MacBook.local","pid":945,"level":20,"msg":"Plugin loaded: \u001b[35mhexo-renderer-stylus\u001b[39m","time":"2015-04-21T16:27:01.675Z","v":0}
{"name":"hexo","hostname":"MacBook.local","pid":945,"level":20,"msg":"Plugin loaded: \u001b[35mhexo-server\u001b[39m","time":"2015-04-21T16:27:01.675Z","v":0}
{"name":"hexo","hostname":"MacBook.local","pid":945,"level":20,"msg":"Plugin loaded: \u001b[35mhexo-migrator-github-issue\u001b[39m","time":"2015-04-21T16:27:01.785Z","v":0}
{"name":"hexo","hostname":"MacBook.local","pid":945,"level":20,"msg":"Plugin loaded: \u001b[35mhexo-generator-douban\u001b[39m","time":"2015-04-21T16:27:01.785Z","v":0}
{"name":"hexo","hostname":"MacBook.local","pid":945,"level":30,"msg":"Migrate from nvbn/thefuck...","time":"2015-04-21T16:27:01.787Z","v":0}
{"name":"hexo","hostname":"MacBook.local","pid":945,"level":30,"msg":"create post: add thing for when known hosts have changed","time":"2015-04-21T16:27:07.356Z","v":0}
{"name":"hexo","hostname":"MacBook.local","pid":945,"level":30,"msg":"create post: How about i18n?","time":"2015-04-21T16:27:07.357Z","v":0}
{"name":"hexo","hostname":"MacBook.local","pid":945,"level":30,"msg":"create post: Does not work in Elementary OS Freya","time":"2015-04-21T16:27:07.357Z","v":0}
{"name":"hexo","hostname":"MacBook.local","pid":945,"level":30,"msg":"create post: main: enclose text with single quote in double quotes","time":"2015-04-21T16:27:07.358Z","v":0}
{"name":"hexo","hostname":"MacBook.local","pid":945,"level":30,"msg":"create post: adding a rule to run \"sudo apt-get install\"","time":"2015-04-21T16:27:07.358Z","v":0}
{"name":"hexo","hostname":"MacBook.local","pid":945,"level":30,"msg":"create post: require_confirmation not working on fish","time":"2015-04-21T16:27:07.358Z","v":0}
{"name":"hexo","hostname":"MacBook.local","pid":945,"level":30,"msg":"create post: What if FUCK is misspelled?","time":"2015-04-21T16:27:07.358Z","v":0}
{"name":"hexo","hostname":"MacBook.local","pid":945,"level":30,"msg":"create post: TheFuck doesn't see my zsh aliases :(","time":"2015-04-21T16:27:07.359Z","v":0}
{"name":"hexo","hostname":"MacBook.local","pid":945,"level":30,"msg":"create post: Можно ли реализовать общее правило, исправляющее раскладку клавиатуры?","time":"2015-04-21T16:27:07.359Z","v":0}
{"name":"hexo","hostname":"MacBook.local","pid":945,"level":30,"msg":"create post: Update rm_dir.py","time":"2015-04-21T16:27:07.360Z","v":0}
{"name":"hexo","hostname":"MacBook.local","pid":945,"level":30,"msg":"create post: does not work well with zsh...","time":"2015-04-21T16:27:07.360Z","v":0}
{"name":"hexo","hostname":"MacBook.local","pid":945,"level":30,"msg":"create post: Update Readme - Reload the shell","time":"2015-04-21T16:27:07.361Z","v":0}
{"name":"hexo","hostname":"MacBook.local","pid":945,"level":30,"msg":"create post: cd to mkdir","time":"2015-04-21T16:27:07.362Z","v":0}
{"name":"hexo","hostname":"MacBook.local","pid":945,"level":30,"msg":"create post: I prefer my bash alias","time":"2015-04-21T16:27:07.363Z","v":0}
{"name":"hexo","hostname":"MacBook.local","pid":945,"level":30,"msg":"create post: Create rm_root.py","time":"2015-04-21T16:27:07.363Z","v":0}
{"name":"hexo","hostname":"MacBook.local","pid":945,"level":30,"msg":"create post: Add a way to trigger this for certain commands when the shell gets a failure value","time":"2015-04-21T16:27:07.364Z","v":0}
{"name":"hexo","hostname":"MacBook.local","pid":945,"level":30,"msg":"create post: add maven support","time":"2015-04-21T16:27:07.364Z","v":0}
{"name":"hexo","hostname":"MacBook.local","pid":945,"level":30,"msg":"create post: doesn't seem to work with more complex commands with non-standard shells","time":"2015-04-21T16:27:07.365Z","v":0}
{"name":"hexo","hostname":"MacBook.local","pid":945,"level":30,"msg":"create post: Support other languages/locales than English","time":"2015-04-21T16:27:07.365Z","v":0}
{"name":"hexo","hostname":"MacBook.local","pid":945,"level":30,"msg":"create post: Running alias","time":"2015-04-21T16:27:07.366Z","v":0}
{"name":"hexo","hostname":"MacBook.local","pid":945,"level":30,"msg":"create post: Fuck. Your app doesn't work on OS X 10.10","time":"2015-04-21T16:27:07.366Z","v":0}
{"name":"hexo","hostname":"MacBook.local","pid":945,"level":30,"msg":"create post: Readme fixes","time":"2015-04-21T16:27:07.367Z","v":0}
{"name":"hexo","hostname":"MacBook.local","pid":945,"level":30,"msg":"create post: terminal get stuck when no previous commands are given.","time":"2015-04-21T16:27:07.367Z","v":0}
{"name":"hexo","hostname":"MacBook.local","pid":945,"level":30,"msg":"create post: fuck this and fuck that","time":"2015-04-21T16:27:07.367Z","v":0}
{"name":"hexo","hostname":"MacBook.local","pid":945,"level":30,"msg":"create post: Untested: Added --dry as an option.","time":"2015-04-21T16:27:07.367Z","v":0}
{"name":"hexo","hostname":"MacBook.local","pid":945,"level":30,"msg":"create post: Arch AUR Package","time":"2015-04-21T16:27:07.368Z","v":0}
{"name":"hexo","hostname":"MacBook.local","pid":945,"level":30,"msg":"create post: Remove need for the shell alias","time":"2015-04-21T16:27:07.368Z","v":0}
{"name":"hexo","hostname":"MacBook.local","pid":945,"level":30,"msg":"create post: Output is always \"No fucks given\"","time":"2015-04-21T16:27:07.369Z","v":0}
{"name":"hexo","hostname":"MacBook.local","pid":945,"level":30,"msg":"create post: running \"fuck\" twice almost gave me a heartattack","time":"2015-04-21T16:27:07.369Z","v":0}
{"name":"hexo","hostname":"MacBook.local","pid":945,"level":20,"msg":"Database saved","time":"2015-04-21T16:27:10.742Z","v":0}
